This is TeX, Version 3.14159 (Web2C 7.3.1) (format=latex 2002.4.12)  20 FEB 2005 10:40
**manual.tex
(manual.tex
LaTeX2e <2000/06/01>
Babel <v3.7h> and hyphenation patterns for american, french, german, ngerman, i
talian, nohyphenation, loaded.
(/usr/share/texmf/tex/latex/base/report.cls
Document Class: report 2000/05/19 v1.4b Standard LaTeX document class
(/usr/share/texmf/tex/latex/base/size11.clo
File: size11.clo 2000/05/19 v1.4b Standard LaTeX file (size option)
)
\c@part=\count79
\c@chapter=\count80
\c@section=\count81
\c@subsection=\count82
\c@subsubsection=\count83
\c@paragraph=\count84
\c@subparagraph=\count85
\c@figure=\count86
\c@table=\count87
\abovecaptionskip=\skip41
\belowcaptionskip=\skip42
\bibindent=\dimen102
)
(/usr/share/texmf/tex/latex/html/html.sty
Package: html 1999/07/19 v1.38 hypertext commands for latex2html (nd, hws, rrm)

\c@lpart=\count88
\c@lchapter=\count89
\c@lsection=\count90
\c@lsubsection=\count91
\c@lsubsubsection=\count92
\c@lparagraph=\count93
\c@lsubparagraph=\count94
\c@lsubsubparagraph=\count95
\ptrfile=\write3
)
(/usr/share/texmf/tex/latex/misc/fullpage.sty
Style Option FULLPAGE Version 2 as of 15 Dec 1988
) (manual.aux)
\openout1 = `manual.aux'.

LaTeX Font Info:    Checking defaults for OML/cmm/m/it on input line 5.
LaTeX Font Info:    ... okay on input line 5.
LaTeX Font Info:    Checking defaults for T1/cmr/m/n on input line 5.
LaTeX Font Info:    ... okay on input line 5.
LaTeX Font Info:    Checking defaults for OT1/cmr/m/n on input line 5.
LaTeX Font Info:    ... okay on input line 5.
LaTeX Font Info:    Checking defaults for OMS/cmsy/m/n on input line 5.
LaTeX Font Info:    ... okay on input line 5.
LaTeX Font Info:    Checking defaults for OMX/cmex/m/n on input line 5.
LaTeX Font Info:    ... okay on input line 5.
LaTeX Font Info:    Checking defaults for U/cmr/m/n on input line 5.
LaTeX Font Info:    ... okay on input line 5.
LaTeX Font Info:    External font `cmex10' loaded for size
(Font)              <12> on input line 9.
LaTeX Font Info:    External font `cmex10' loaded for size
(Font)              <8> on input line 9.
LaTeX Font Info:    External font `cmex10' loaded for size
(Font)              <6> on input line 9.
 [1

] (manual.toc
LaTeX Font Info:    External font `cmex10' loaded for size
(Font)              <10.95> on input line 5.
 [2

])
\tf@toc=\write4
\openout4 = `manual.toc'.

 [3]
Chapter 1.

Underfull \hbox (badness 10000) in paragraph at lines 13--29

 []


Underfull \hbox (badness 10000) in paragraph at lines 13--29

 []


Underfull \hbox (badness 10000) in paragraph at lines 13--29

 []

[4

]
Chapter 2.

Underfull \hbox (badness 10000) in paragraph at lines 31--54

 []


Underfull \hbox (badness 10000) in paragraph at lines 31--54

 []


Underfull \hbox (badness 10000) in paragraph at lines 31--54

 []


Underfull \hbox (badness 10000) in paragraph at lines 31--54

 []


Underfull \hbox (badness 10000) in paragraph at lines 31--54

 []


Underfull \hbox (badness 10000) in paragraph at lines 31--54

 []

[5

]
Chapter 3.

Underfull \hbox (badness 10000) in paragraph at lines 56--67

 []


Underfull \hbox (badness 10000) in paragraph at lines 56--67

 []


Underfull \hbox (badness 10000) in paragraph at lines 56--67

 []

[6

]
Chapter 4.

Underfull \hbox (badness 10000) in paragraph at lines 70--82

 []


Underfull \hbox (badness 10000) in paragraph at lines 85--102

 []


Underfull \hbox (badness 10000) in paragraph at lines 85--102

 []


Underfull \hbox (badness 10000) in paragraph at lines 85--102

 []


Underfull \hbox (badness 10000) in paragraph at lines 85--102

 []


Underfull \vbox (badness 3058) has occurred while \output is active []

 [7

]
Underfull \hbox (badness 10000) in paragraph at lines 108--116

 []

[8]
Chapter 5.

Underfull \hbox (badness 10000) in paragraph at lines 133--219

 []


Underfull \hbox (badness 10000) in paragraph at lines 133--219

 []


Underfull \hbox (badness 10000) in paragraph at lines 133--219

 []


Underfull \hbox (badness 10000) in paragraph at lines 133--219

 []


Underfull \hbox (badness 10000) in paragraph at lines 133--219

 []


Underfull \hbox (badness 10000) in paragraph at lines 133--219

 []


Underfull \hbox (badness 10000) in paragraph at lines 133--219

 []


Underfull \hbox (badness 10000) in paragraph at lines 133--219

 []


Underfull \hbox (badness 10000) in paragraph at lines 133--219

 []


Underfull \hbox (badness 10000) in paragraph at lines 133--219

 []


Underfull \hbox (badness 10000) in paragraph at lines 133--219

 []

[9

]
LaTeX Font Info:    Try loading font information for OMS+cmr on input line 269.

 (/usr/share/texmf/tex/latex/base/omscmr.fd
File: omscmr.fd 1999/05/25 v2.5h Standard LaTeX font definitions
)
LaTeX Font Info:    Font shape `OMS/cmr/m/n' in size <10.95> not available
(Font)              Font shape `OMS/cmsy/m/n' tried instead on input line 269.

Underfull \hbox (badness 10000) in paragraph at lines 221--283

 []


Underfull \hbox (badness 10000) in paragraph at lines 221--283

 []


Underfull \hbox (badness 10000) in paragraph at lines 221--283

 []


Underfull \hbox (badness 10000) in paragraph at lines 221--283

 []


Underfull \hbox (badness 10000) in paragraph at lines 221--283

 []


Underfull \hbox (badness 10000) in paragraph at lines 221--283

 []


Underfull \hbox (badness 10000) in paragraph at lines 221--283

 []


Underfull \hbox (badness 10000) in paragraph at lines 221--283

 []


Underfull \hbox (badness 10000) in paragraph at lines 221--283

 []

[10]
Underfull \hbox (badness 10000) in paragraph at lines 285--302

 []

[11]
Underfull \hbox (badness 10000) in paragraph at lines 305--352

 []


Underfull \hbox (badness 10000) in paragraph at lines 305--352

 []


Underfull \hbox (badness 10000) in paragraph at lines 354--365

 []

[12]
Underfull \hbox (badness 10000) in paragraph at lines 367--375

 []


Underfull \hbox (badness 10000) in paragraph at lines 378--394

 []


Underfull \hbox (badness 10000) in paragraph at lines 378--394

 []


Underfull \hbox (badness 10000) in paragraph at lines 378--394

 []

[13]
Chapter 6.

Underfull \hbox (badness 10000) in paragraph at lines 399--404

 []


Underfull \hbox (badness 10000) in paragraph at lines 399--404

 []


Underfull \hbox (badness 10000) in paragraph at lines 407--424

 []


Underfull \hbox (badness 10000) in paragraph at lines 407--424

 []

[14

]
Underfull \hbox (badness 10000) in paragraph at lines 435--452

 []


Underfull \hbox (badness 10000) in paragraph at lines 455--458

 []


Underfull \hbox (badness 10000) in paragraph at lines 455--458

 []


Underfull \hbox (badness 10000) in paragraph at lines 464--467

 []


Underfull \hbox (badness 10000) in paragraph at lines 464--467

 []

[15] [16]
Chapter 7.

Underfull \hbox (badness 10000) in paragraph at lines 476--497

 []


Underfull \hbox (badness 10000) in paragraph at lines 476--497

 []


Underfull \hbox (badness 10000) in paragraph at lines 476--497

 []

[17

]
Chapter 8.

Underfull \hbox (badness 10000) in paragraph at lines 499--537

 []


Underfull \hbox (badness 10000) in paragraph at lines 499--537

 []


Underfull \hbox (badness 10000) in paragraph at lines 499--537

 []


Underfull \hbox (badness 10000) in paragraph at lines 499--537

 []

[18

]
Chapter 9.

Underfull \hbox (badness 10000) in paragraph at lines 539--603

 []


Underfull \hbox (badness 10000) in paragraph at lines 539--603

 []


Underfull \hbox (badness 10000) in paragraph at lines 539--603

 []


Underfull \hbox (badness 10000) in paragraph at lines 539--603

 []


Underfull \hbox (badness 10000) in paragraph at lines 539--603

 []


Underfull \hbox (badness 10000) in paragraph at lines 539--603

 []


Underfull \hbox (badness 10000) in paragraph at lines 539--603

 []


Underfull \hbox (badness 10000) in paragraph at lines 539--603

 []


Underfull \hbox (badness 10000) in paragraph at lines 539--603

 []

[19

] [20]
Chapter 10.

Underfull \hbox (badness 10000) in paragraph at lines 605--613

 []


Underfull \hbox (badness 10000) in paragraph at lines 627--634

 []


Underfull \hbox (badness 10000) in paragraph at lines 627--634

 []

[21

]
Underfull \hbox (badness 10000) in paragraph at lines 668--678

 []

[22]
Overfull \hbox (3.51678pt too wide) in paragraph at lines 716--724
[]\OT1/cmr/m/n/10.95 for each medium, a macro-call: "con-nect[](mediaType, me-d
i-aName, con-nec-tor-sO-prAnd-Name)"
 []

[23]
Chapter 11.

Underfull \hbox (badness 10000) in paragraph at lines 735--757

 []


Underfull \hbox (badness 10000) in paragraph at lines 735--757

 []


Underfull \hbox (badness 10000) in paragraph at lines 759--803

 []


Underfull \hbox (badness 10000) in paragraph at lines 759--803

 []


Underfull \hbox (badness 10000) in paragraph at lines 759--803

 []


Underfull \hbox (badness 10000) in paragraph at lines 759--803

 []

[24

]
Underfull \hbox (badness 10000) in paragraph at lines 817--829

 []

[25]
Underfull \hbox (badness 10000) in paragraph at lines 844--878

 []


Underfull \hbox (badness 10000) in paragraph at lines 844--878

 []


Underfull \hbox (badness 10000) in paragraph at lines 844--878

 []


Underfull \hbox (badness 10000) in paragraph at lines 844--878

 []

[26] [27]
Chapter 12.

Underfull \hbox (badness 10000) in paragraph at lines 900--906

 []


Overfull \hbox (18.64496pt too wide) in paragraph at lines 900--906
\OT1/cmr/m/n/10.95 AAA method-ol-ogy (Syn-DEx fun-da-men-tals) : http://www-roc
q.inria.fr/syndex/pub/execv4/execv4.pdf 
 []


Underfull \hbox (badness 10000) in paragraph at lines 900--906

 []

[28

] (manual.aux) ) 
Here is how much of TeX's memory you used:
 542 strings out of 20887
 6126 string characters out of 196274
 55983 words of memory out of 350001
 3535 multiletter control sequences out of 10000+15000
 10369 words of font info for 36 fonts, out of 400000 for 1000
 14 hyphenation exceptions out of 10000
 24i,6n,19p,529b,250s stack positions out of 3000i,100n,1500p,50000b,4000s

Output written on manual.dvi (28 pages, 79748 bytes).
